\BOOKMARK [0][-]{chapter.1}{Introduction}{}% 1
\BOOKMARK [1][-]{section.1.1}{Problem Statement}{chapter.1}% 2
\BOOKMARK [1][-]{section.1.2}{Contribution}{chapter.1}% 3
\BOOKMARK [1][-]{section.1.3}{Related Work}{chapter.1}% 4
\BOOKMARK [0][-]{chapter.2}{Theoretical Framework}{}% 5
\BOOKMARK [1][-]{section.2.1}{Preliminaries}{chapter.2}% 6
\BOOKMARK [1][-]{section.2.2}{The Good}{chapter.2}% 7
\BOOKMARK [1][-]{section.2.3}{The Evil}{chapter.2}% 8
\BOOKMARK [1][-]{section.2.4}{Differences and Similarities}{chapter.2}% 9
\BOOKMARK [0][-]{chapter.3}{Algorithms}{}% 10
\BOOKMARK [1][-]{section.3.1}{Computing the Good}{chapter.3}% 11
\BOOKMARK [1][-]{section.3.2}{Computing the Evil}{chapter.3}% 12
\BOOKMARK [1][-]{section.3.3}{Diagnosis}{chapter.3}% 13
\BOOKMARK [0][-]{chapter.4}{Experimental Evaluation}{}% 14
\BOOKMARK [1][-]{section.4.1}{Settings}{chapter.4}% 15
\BOOKMARK [1][-]{section.4.2}{Experiments}{chapter.4}% 16
\BOOKMARK [1][-]{section.4.3}{Results}{chapter.4}% 17
\BOOKMARK [0][-]{chapter.5}{Conclusion}{}% 18
\BOOKMARK [1][-]{section.5.1}{Summary}{chapter.5}% 19
\BOOKMARK [1][-]{section.5.2}{Future Work}{chapter.5}% 20
\BOOKMARK [0][-]{appendix.A}{Program Code / Resources}{}% 21
\BOOKMARK [0][-]{appendix.B}{Further Experimental Results}{}% 22
\BOOKMARK [0][-]{appendix.C}{Datasets}{}% 23
\BOOKMARK [1][-]{section.C.1}{Dataset-1}{appendix.C}% 24
